This file contains any messages produced by compilers while
running configure, to aid debugging if configure makes a mistake.

It was created by libbgpdump configure 1.6.2, which was
generated by GNU Autoconf 2.69.  Invocation command line was

  $ ./configure 

## --------- ##
## Platform. ##
## --------- ##

hostname = udc-ba34-36
uname -m = x86_64
uname -r = 3.10.0-1127.19.1.el7.x86_64
uname -s = Linux
uname -v = #1 SMP Tue Aug 25 17:23:54 UTC 2020

/usr/bin/uname -p = x86_64
/bin/uname -X     = unknown

/bin/arch              = x86_64
/usr/bin/arch -k       = unknown
/usr/convex/getsysinfo = unknown
/usr/bin/hostinfo      = unknown
/bin/machine           = unknown
/usr/bin/oslevel       = unknown
/bin/universe          = unknown

PATH: /home/gw6sh/packages/bin
PATH: /usr/lib64/qt-3.3/bin
PATH: /opt/mam/9.1.2/bin
PATH: /usr/local/bin
PATH: /usr/bin
PATH: /usr/local/sbin
PATH: /usr/sbin
PATH: /opt/ibutils/bin
PATH: /opt/slurm/current/bin
PATH: /opt/singularity/current/bin
PATH: /opt/rci/bin
PATH: /share/rci_apps/common/bin
PATH: /share/resources/HPCtools/
PATH: /opt/mam/current/bin
PATH: /usr/sbin


## ----------- ##
## Core tests. ##
## ----------- ##

configure:2199: checking for gcc
configure:2215: found /usr/bin/gcc
configure:2226: result: gcc
configure:2455: checking for C compiler version
configure:2464: gcc --version >&5
gcc (GCC) 4.8.5 20150623 (Red Hat 4.8.5-44)
Copyright (C) 2015 Free Software Foundation, Inc.
This is free software; see the source for copying conditions.  There is NO
warranty; not even for MERCHANTABILITY or FITNESS FOR A PARTICULAR PURPOSE.

configure:2475: $? = 0
configure:2464: gcc -v >&5
Using built-in specs.
COLLECT_GCC=gcc
COLLECT_LTO_WRAPPER=/usr/libexec/gcc/x86_64-redhat-linux/4.8.5/lto-wrapper
Target: x86_64-redhat-linux
Configured with: ../configure --prefix=/usr --mandir=/usr/share/man --infodir=/usr/share/info --with-bugurl=http://bugzilla.redhat.com/bugzilla --enable-bootstrap --enable-shared --enable-threads=posix --enable-checking=release --with-system-zlib --enable-__cxa_atexit --disable-libunwind-exceptions --enable-gnu-unique-object --enable-linker-build-id --with-linker-hash-style=gnu --enable-languages=c,c++,objc,obj-c++,java,fortran,ada,go,lto --enable-plugin --enable-initfini-array --disable-libgcj --with-isl=/builddir/build/BUILD/gcc-4.8.5-20150702/obj-x86_64-redhat-linux/isl-install --with-cloog=/builddir/build/BUILD/gcc-4.8.5-20150702/obj-x86_64-redhat-linux/cloog-install --enable-gnu-indirect-function --with-tune=generic --with-arch_32=x86-64 --build=x86_64-redhat-linux
Thread model: posix
gcc version 4.8.5 20150623 (Red Hat 4.8.5-44) (GCC) 
configure:2475: $? = 0
configure:2464: gcc -V >&5
gcc: error: unrecognized command line option '-V'
gcc: fatal error: no input files
compilation terminated.
configure:2475: $? = 4
configure:2464: gcc -qversion >&5
gcc: error: unrecognized command line option '-qversion'
gcc: fatal error: no input files
compilation terminated.
configure:2475: $? = 4
configure:2495: checking whether the C compiler works
configure:2517: gcc -g -I/home/gw6sh/packages/include -Wall -Wsystem-headers -Wno-format-y2k -Wno-sign-compare -Wcast-align -Wmissing-prototypes -Wpointer-arith -Wreturn-type -Wswitch -Wshadow  -L/home/gw6sh/packages/lib conftest.c  >&5
configure:2521: $? = 0
configure:2569: result: yes
configure:2572: checking for C compiler default output file name
configure:2574: result: a.out
configure:2580: checking for suffix of executables
configure:2587: gcc -o conftest -g -I/home/gw6sh/packages/include -Wall -Wsystem-headers -Wno-format-y2k -Wno-sign-compare -Wcast-align -Wmissing-prototypes -Wpointer-arith -Wreturn-type -Wswitch -Wshadow  -L/home/gw6sh/packages/lib conftest.c  >&5
configure:2591: $? = 0
configure:2613: result: 
configure:2635: checking whether we are cross compiling
configure:2643: gcc -o conftest -g -I/home/gw6sh/packages/include -Wall -Wsystem-headers -Wno-format-y2k -Wno-sign-compare -Wcast-align -Wmissing-prototypes -Wpointer-arith -Wreturn-type -Wswitch -Wshadow  -L/home/gw6sh/packages/lib conftest.c  >&5
configure:2647: $? = 0
configure:2654: ./conftest
configure:2658: $? = 0
configure:2673: result: no
configure:2678: checking for suffix of object files
configure:2700: gcc -c -g -I/home/gw6sh/packages/include -Wall -Wsystem-headers -Wno-format-y2k -Wno-sign-compare -Wcast-align -Wmissing-prototypes -Wpointer-arith -Wreturn-type -Wswitch -Wshadow  conftest.c >&5
configure:2704: $? = 0
configure:2725: result: o
configure:2729: checking whether we are using the GNU C compiler
configure:2748: gcc -c -g -I/home/gw6sh/packages/include -Wall -Wsystem-headers -Wno-format-y2k -Wno-sign-compare -Wcast-align -Wmissing-prototypes -Wpointer-arith -Wreturn-type -Wswitch -Wshadow  conftest.c >&5
configure:2748: $? = 0
configure:2757: result: yes
configure:2766: checking whether gcc accepts -g
configure:2786: gcc -c -g  conftest.c >&5
configure:2786: $? = 0
configure:2827: result: yes
configure:2844: checking for gcc option to accept ISO C89
configure:2907: gcc  -c -g -I/home/gw6sh/packages/include -Wall -Wsystem-headers -Wno-format-y2k -Wno-sign-compare -Wcast-align -Wmissing-prototypes -Wpointer-arith -Wreturn-type -Wswitch -Wshadow  conftest.c >&5
configure:2907: $? = 0
configure:2920: result: none needed
configure:2983: checking for ranlib
configure:2999: found /usr/bin/ranlib
configure:3010: result: ranlib
configure:3040: checking how to run the C preprocessor
configure:3071: gcc -E  conftest.c
configure:3071: $? = 0
configure:3085: gcc -E  conftest.c
conftest.c:9:28: fatal error: ac_nonexistent.h: No such file or directory
 #include <ac_nonexistent.h>
                            ^
compilation terminated.
configure:3085: $? = 1
configure: failed program was:
| /* confdefs.h */
| #define PACKAGE_NAME "libbgpdump"
| #define PACKAGE_TARNAME "libbgpdump"
| #define PACKAGE_VERSION "1.6.2"
| #define PACKAGE_STRING "libbgpdump 1.6.2"
| #define PACKAGE_BUGREPORT "ris@ripe.net"
| #define PACKAGE_URL ""
| /* end confdefs.h.  */
| #include <ac_nonexistent.h>
configure:3110: result: gcc -E
configure:3130: gcc -E  conftest.c
configure:3130: $? = 0
configure:3144: gcc -E  conftest.c
conftest.c:9:28: fatal error: ac_nonexistent.h: No such file or directory
 #include <ac_nonexistent.h>
                            ^
compilation terminated.
configure:3144: $? = 1
configure: failed program was:
| /* confdefs.h */
| #define PACKAGE_NAME "libbgpdump"
| #define PACKAGE_TARNAME "libbgpdump"
| #define PACKAGE_VERSION "1.6.2"
| #define PACKAGE_STRING "libbgpdump 1.6.2"
| #define PACKAGE_BUGREPORT "ris@ripe.net"
| #define PACKAGE_URL ""
| /* end confdefs.h.  */
| #include <ac_nonexistent.h>
configure:3173: checking for grep that handles long lines and -e
configure:3231: result: /usr/bin/grep
configure:3236: checking for egrep
configure:3298: result: /usr/bin/grep -E
configure:3303: checking for ANSI C header files
configure:3323: gcc -c -g -I/home/gw6sh/packages/include -Wall -Wsystem-headers -Wno-format-y2k -Wno-sign-compare -Wcast-align -Wmissing-prototypes -Wpointer-arith -Wreturn-type -Wswitch -Wshadow  conftest.c >&5
configure:3323: $? = 0
configure:3396: gcc -o conftest -g -I/home/gw6sh/packages/include -Wall -Wsystem-headers -Wno-format-y2k -Wno-sign-compare -Wcast-align -Wmissing-prototypes -Wpointer-arith -Wreturn-type -Wswitch -Wshadow  -L/home/gw6sh/packages/lib conftest.c  >&5
configure:3396: $? = 0
configure:3396: ./conftest
configure:3396: $? = 0
configure:3407: result: yes
configure:3420: checking for sys/types.h
configure:3420: gcc -c -g -I/home/gw6sh/packages/include -Wall -Wsystem-headers -Wno-format-y2k -Wno-sign-compare -Wcast-align -Wmissing-prototypes -Wpointer-arith -Wreturn-type -Wswitch -Wshadow  conftest.c >&5
configure:3420: $? = 0
configure:3420: result: yes
configure:3420: checking for sys/stat.h
configure:3420: gcc -c -g -I/home/gw6sh/packages/include -Wall -Wsystem-headers -Wno-format-y2k -Wno-sign-compare -Wcast-align -Wmissing-prototypes -Wpointer-arith -Wreturn-type -Wswitch -Wshadow  conftest.c >&5
configure:3420: $? = 0
configure:3420: result: yes
configure:3420: checking for stdlib.h
configure:3420: gcc -c -g -I/home/gw6sh/packages/include -Wall -Wsystem-headers -Wno-format-y2k -Wno-sign-compare -Wcast-align -Wmissing-prototypes -Wpointer-arith -Wreturn-type -Wswitch -Wshadow  conftest.c >&5
configure:3420: $? = 0
configure:3420: result: yes
configure:3420: checking for string.h
configure:3420: gcc -c -g -I/home/gw6sh/packages/include -Wall -Wsystem-headers -Wno-format-y2k -Wno-sign-compare -Wcast-align -Wmissing-prototypes -Wpointer-arith -Wreturn-type -Wswitch -Wshadow  conftest.c >&5
configure:3420: $? = 0
configure:3420: result: yes
configure:3420: checking for memory.h
configure:3420: gcc -c -g -I/home/gw6sh/packages/include -Wall -Wsystem-headers -Wno-format-y2k -Wno-sign-compare -Wcast-align -Wmissing-prototypes -Wpointer-arith -Wreturn-type -Wswitch -Wshadow  conftest.c >&5
configure:3420: $? = 0
configure:3420: result: yes
configure:3420: checking for strings.h
configure:3420: gcc -c -g -I/home/gw6sh/packages/include -Wall -Wsystem-headers -Wno-format-y2k -Wno-sign-compare -Wcast-align -Wmissing-prototypes -Wpointer-arith -Wreturn-type -Wswitch -Wshadow  conftest.c >&5
configure:3420: $? = 0
configure:3420: result: yes
configure:3420: checking for inttypes.h
configure:3420: gcc -c -g -I/home/gw6sh/packages/include -Wall -Wsystem-headers -Wno-format-y2k -Wno-sign-compare -Wcast-align -Wmissing-prototypes -Wpointer-arith -Wreturn-type -Wswitch -Wshadow  conftest.c >&5
configure:3420: $? = 0
configure:3420: result: yes
configure:3420: checking for stdint.h
configure:3420: gcc -c -g -I/home/gw6sh/packages/include -Wall -Wsystem-headers -Wno-format-y2k -Wno-sign-compare -Wcast-align -Wmissing-prototypes -Wpointer-arith -Wreturn-type -Wswitch -Wshadow  conftest.c >&5
configure:3420: $? = 0
configure:3420: result: yes
configure:3420: checking for unistd.h
configure:3420: gcc -c -g -I/home/gw6sh/packages/include -Wall -Wsystem-headers -Wno-format-y2k -Wno-sign-compare -Wcast-align -Wmissing-prototypes -Wpointer-arith -Wreturn-type -Wswitch -Wshadow  conftest.c >&5
configure:3420: $? = 0
configure:3420: result: yes
configure:3435: checking arpa/inet.h usability
configure:3435: gcc -c -g -I/home/gw6sh/packages/include -Wall -Wsystem-headers -Wno-format-y2k -Wno-sign-compare -Wcast-align -Wmissing-prototypes -Wpointer-arith -Wreturn-type -Wswitch -Wshadow  conftest.c >&5
configure:3435: $? = 0
configure:3435: result: yes
configure:3435: checking arpa/inet.h presence
configure:3435: gcc -E  conftest.c
configure:3435: $? = 0
configure:3435: result: yes
configure:3435: checking for arpa/inet.h
configure:3435: result: yes
configure:3435: checking netinet/in.h usability
configure:3435: gcc -c -g -I/home/gw6sh/packages/include -Wall -Wsystem-headers -Wno-format-y2k -Wno-sign-compare -Wcast-align -Wmissing-prototypes -Wpointer-arith -Wreturn-type -Wswitch -Wshadow  conftest.c >&5
configure:3435: $? = 0
configure:3435: result: yes
configure:3435: checking netinet/in.h presence
configure:3435: gcc -E  conftest.c
configure:3435: $? = 0
configure:3435: result: yes
configure:3435: checking for netinet/in.h
configure:3435: result: yes
configure:3435: checking syslog.h usability
configure:3435: gcc -c -g -I/home/gw6sh/packages/include -Wall -Wsystem-headers -Wno-format-y2k -Wno-sign-compare -Wcast-align -Wmissing-prototypes -Wpointer-arith -Wreturn-type -Wswitch -Wshadow  conftest.c >&5
configure:3435: $? = 0
configure:3435: result: yes
configure:3435: checking syslog.h presence
configure:3435: gcc -E  conftest.c
configure:3435: $? = 0
configure:3435: result: yes
configure:3435: checking for syslog.h
configure:3435: result: yes
configure:3445: checking whether struct tm is in sys/time.h or time.h
configure:3465: gcc -c -g -I/home/gw6sh/packages/include -Wall -Wsystem-headers -Wno-format-y2k -Wno-sign-compare -Wcast-align -Wmissing-prototypes -Wpointer-arith -Wreturn-type -Wswitch -Wshadow  conftest.c >&5
configure:3465: $? = 0
configure:3472: result: time.h
configure:3482: checking for u_char_t
configure:3482: gcc -c -g -I/home/gw6sh/packages/include -Wall -Wsystem-headers -Wno-format-y2k -Wno-sign-compare -Wcast-align -Wmissing-prototypes -Wpointer-arith -Wreturn-type -Wswitch -Wshadow  conftest.c >&5
conftest.c: In function 'main':
conftest.c:58:13: error: 'u_char_t' undeclared (first use in this function)
 if (sizeof (u_char_t))
             ^
conftest.c:58:13: note: each undeclared identifier is reported only once for each function it appears in
configure:3482: $? = 1
configure: failed program was:
| /* confdefs.h */
| #define PACKAGE_NAME "libbgpdump"
| #define PACKAGE_TARNAME "libbgpdump"
| #define PACKAGE_VERSION "1.6.2"
| #define PACKAGE_STRING "libbgpdump 1.6.2"
| #define PACKAGE_BUGREPORT "ris@ripe.net"
| #define PACKAGE_URL ""
| #define STDC_HEADERS 1
| #define HAVE_SYS_TYPES_H 1
| #define HAVE_SYS_STAT_H 1
| #define HAVE_STDLIB_H 1
| #define HAVE_STRING_H 1
| #define HAVE_MEMORY_H 1
| #define HAVE_STRINGS_H 1
| #define HAVE_INTTYPES_H 1
| #define HAVE_STDINT_H 1
| #define HAVE_UNISTD_H 1
| #define HAVE_ARPA_INET_H 1
| #define HAVE_NETINET_IN_H 1
| #define HAVE_SYSLOG_H 1
| /* end confdefs.h.  */
| #include <stdio.h>
| #ifdef HAVE_SYS_TYPES_H
| # include <sys/types.h>
| #endif
| #ifdef HAVE_SYS_STAT_H
| # include <sys/stat.h>
| #endif
| #ifdef STDC_HEADERS
| # include <stdlib.h>
| # include <stddef.h>
| #else
| # ifdef HAVE_STDLIB_H
| #  include <stdlib.h>
| # endif
| #endif
| #ifdef HAVE_STRING_H
| # if !defined STDC_HEADERS && defined HAVE_MEMORY_H
| #  include <memory.h>
| # endif
| # include <string.h>
| #endif
| #ifdef HAVE_STRINGS_H
| # include <strings.h>
| #endif
| #ifdef HAVE_INTTYPES_H
| # include <inttypes.h>
| #endif
| #ifdef HAVE_STDINT_H
| # include <stdint.h>
| #endif
| #ifdef HAVE_UNISTD_H
| # include <unistd.h>
| #endif
| int
| main ()
| {
| if (sizeof (u_char_t))
| 	 return 0;
|   ;
|   return 0;
| }
configure:3482: result: no
configure:3491: checking for u_int8_t
configure:3491: gcc -c -g -I/home/gw6sh/packages/include -Wall -Wsystem-headers -Wno-format-y2k -Wno-sign-compare -Wcast-align -Wmissing-prototypes -Wpointer-arith -Wreturn-type -Wswitch -Wshadow  conftest.c >&5
configure:3491: $? = 0
configure:3491: gcc -c -g -I/home/gw6sh/packages/include -Wall -Wsystem-headers -Wno-format-y2k -Wno-sign-compare -Wcast-align -Wmissing-prototypes -Wpointer-arith -Wreturn-type -Wswitch -Wshadow  conftest.c >&5
conftest.c: In function 'main':
conftest.c:59:23: error: expected expression before ')' token
 if (sizeof ((u_int8_t)))
                       ^
configure:3491: $? = 1
configure: failed program was:
| /* confdefs.h */
| #define PACKAGE_NAME "libbgpdump"
| #define PACKAGE_TARNAME "libbgpdump"
| #define PACKAGE_VERSION "1.6.2"
| #define PACKAGE_STRING "libbgpdump 1.6.2"
| #define PACKAGE_BUGREPORT "ris@ripe.net"
| #define PACKAGE_URL ""
| #define STDC_HEADERS 1
| #define HAVE_SYS_TYPES_H 1
| #define HAVE_SYS_STAT_H 1
| #define HAVE_STDLIB_H 1
| #define HAVE_STRING_H 1
| #define HAVE_MEMORY_H 1
| #define HAVE_STRINGS_H 1
| #define HAVE_INTTYPES_H 1
| #define HAVE_STDINT_H 1
| #define HAVE_UNISTD_H 1
| #define HAVE_ARPA_INET_H 1
| #define HAVE_NETINET_IN_H 1
| #define HAVE_SYSLOG_H 1
| #define u_char_t uchar_t
| /* end confdefs.h.  */
| #include <stdio.h>
| #ifdef HAVE_SYS_TYPES_H
| # include <sys/types.h>
| #endif
| #ifdef HAVE_SYS_STAT_H
| # include <sys/stat.h>
| #endif
| #ifdef STDC_HEADERS
| # include <stdlib.h>
| # include <stddef.h>
| #else
| # ifdef HAVE_STDLIB_H
| #  include <stdlib.h>
| # endif
| #endif
| #ifdef HAVE_STRING_H
| # if !defined STDC_HEADERS && defined HAVE_MEMORY_H
| #  include <memory.h>
| # endif
| # include <string.h>
| #endif
| #ifdef HAVE_STRINGS_H
| # include <strings.h>
| #endif
| #ifdef HAVE_INTTYPES_H
| # include <inttypes.h>
| #endif
| #ifdef HAVE_STDINT_H
| # include <stdint.h>
| #endif
| #ifdef HAVE_UNISTD_H
| # include <unistd.h>
| #endif
| int
| main ()
| {
| if (sizeof ((u_int8_t)))
| 	    return 0;
|   ;
|   return 0;
| }
configure:3491: result: yes
configure:3500: checking for u_int16_t
configure:3500: gcc -c -g -I/home/gw6sh/packages/include -Wall -Wsystem-headers -Wno-format-y2k -Wno-sign-compare -Wcast-align -Wmissing-prototypes -Wpointer-arith -Wreturn-type -Wswitch -Wshadow  conftest.c >&5
configure:3500: $? = 0
configure:3500: gcc -c -g -I/home/gw6sh/packages/include -Wall -Wsystem-headers -Wno-format-y2k -Wno-sign-compare -Wcast-align -Wmissing-prototypes -Wpointer-arith -Wreturn-type -Wswitch -Wshadow  conftest.c >&5
conftest.c: In function 'main':
conftest.c:59:24: error: expected expression before ')' token
 if (sizeof ((u_int16_t)))
                        ^
configure:3500: $? = 1
configure: failed program was:
| /* confdefs.h */
| #define PACKAGE_NAME "libbgpdump"
| #define PACKAGE_TARNAME "libbgpdump"
| #define PACKAGE_VERSION "1.6.2"
| #define PACKAGE_STRING "libbgpdump 1.6.2"
| #define PACKAGE_BUGREPORT "ris@ripe.net"
| #define PACKAGE_URL ""
| #define STDC_HEADERS 1
| #define HAVE_SYS_TYPES_H 1
| #define HAVE_SYS_STAT_H 1
| #define HAVE_STDLIB_H 1
| #define HAVE_STRING_H 1
| #define HAVE_MEMORY_H 1
| #define HAVE_STRINGS_H 1
| #define HAVE_INTTYPES_H 1
| #define HAVE_STDINT_H 1
| #define HAVE_UNISTD_H 1
| #define HAVE_ARPA_INET_H 1
| #define HAVE_NETINET_IN_H 1
| #define HAVE_SYSLOG_H 1
| #define u_char_t uchar_t
| /* end confdefs.h.  */
| #include <stdio.h>
| #ifdef HAVE_SYS_TYPES_H
| # include <sys/types.h>
| #endif
| #ifdef HAVE_SYS_STAT_H
| # include <sys/stat.h>
| #endif
| #ifdef STDC_HEADERS
| # include <stdlib.h>
| # include <stddef.h>
| #else
| # ifdef HAVE_STDLIB_H
| #  include <stdlib.h>
| # endif
| #endif
| #ifdef HAVE_STRING_H
| # if !defined STDC_HEADERS && defined HAVE_MEMORY_H
| #  include <memory.h>
| # endif
| # include <string.h>
| #endif
| #ifdef HAVE_STRINGS_H
| # include <strings.h>
| #endif
| #ifdef HAVE_INTTYPES_H
| # include <inttypes.h>
| #endif
| #ifdef HAVE_STDINT_H
| # include <stdint.h>
| #endif
| #ifdef HAVE_UNISTD_H
| # include <unistd.h>
| #endif
| int
| main ()
| {
| if (sizeof ((u_int16_t)))
| 	    return 0;
|   ;
|   return 0;
| }
configure:3500: result: yes
configure:3509: checking for u_int32_t
configure:3509: gcc -c -g -I/home/gw6sh/packages/include -Wall -Wsystem-headers -Wno-format-y2k -Wno-sign-compare -Wcast-align -Wmissing-prototypes -Wpointer-arith -Wreturn-type -Wswitch -Wshadow  conftest.c >&5
configure:3509: $? = 0
configure:3509: gcc -c -g -I/home/gw6sh/packages/include -Wall -Wsystem-headers -Wno-format-y2k -Wno-sign-compare -Wcast-align -Wmissing-prototypes -Wpointer-arith -Wreturn-type -Wswitch -Wshadow  conftest.c >&5
conftest.c: In function 'main':
conftest.c:59:24: error: expected expression before ')' token
 if (sizeof ((u_int32_t)))
                        ^
configure:3509: $? = 1
configure: failed program was:
| /* confdefs.h */
| #define PACKAGE_NAME "libbgpdump"
| #define PACKAGE_TARNAME "libbgpdump"
| #define PACKAGE_VERSION "1.6.2"
| #define PACKAGE_STRING "libbgpdump 1.6.2"
| #define PACKAGE_BUGREPORT "ris@ripe.net"
| #define PACKAGE_URL ""
| #define STDC_HEADERS 1
| #define HAVE_SYS_TYPES_H 1
| #define HAVE_SYS_STAT_H 1
| #define HAVE_STDLIB_H 1
| #define HAVE_STRING_H 1
| #define HAVE_MEMORY_H 1
| #define HAVE_STRINGS_H 1
| #define HAVE_INTTYPES_H 1
| #define HAVE_STDINT_H 1
| #define HAVE_UNISTD_H 1
| #define HAVE_ARPA_INET_H 1
| #define HAVE_NETINET_IN_H 1
| #define HAVE_SYSLOG_H 1
| #define u_char_t uchar_t
| /* end confdefs.h.  */
| #include <stdio.h>
| #ifdef HAVE_SYS_TYPES_H
| # include <sys/types.h>
| #endif
| #ifdef HAVE_SYS_STAT_H
| # include <sys/stat.h>
| #endif
| #ifdef STDC_HEADERS
| # include <stdlib.h>
| # include <stddef.h>
| #else
| # ifdef HAVE_STDLIB_H
| #  include <stdlib.h>
| # endif
| #endif
| #ifdef HAVE_STRING_H
| # if !defined STDC_HEADERS && defined HAVE_MEMORY_H
| #  include <memory.h>
| # endif
| # include <string.h>
| #endif
| #ifdef HAVE_STRINGS_H
| # include <strings.h>
| #endif
| #ifdef HAVE_INTTYPES_H
| # include <inttypes.h>
| #endif
| #ifdef HAVE_STDINT_H
| # include <stdint.h>
| #endif
| #ifdef HAVE_UNISTD_H
| # include <unistd.h>
| #endif
| int
| main ()
| {
| if (sizeof ((u_int32_t)))
| 	    return 0;
|   ;
|   return 0;
| }
configure:3509: result: yes
configure:3519: checking for gzopen in -lz
configure:3544: gcc -o conftest -g -I/home/gw6sh/packages/include -Wall -Wsystem-headers -Wno-format-y2k -Wno-sign-compare -Wcast-align -Wmissing-prototypes -Wpointer-arith -Wreturn-type -Wswitch -Wshadow  -L/home/gw6sh/packages/lib conftest.c -lz   >&5
configure:3544: $? = 0
configure:3553: result: yes
configure:3566: checking for BZ2_bzReadOpen in -lbz2
configure:3591: gcc -o conftest -g -I/home/gw6sh/packages/include -Wall -Wsystem-headers -Wno-format-y2k -Wno-sign-compare -Wcast-align -Wmissing-prototypes -Wpointer-arith -Wreturn-type -Wswitch -Wshadow  -L/home/gw6sh/packages/lib conftest.c -lbz2  -lz  >&5
configure:3591: $? = 0
configure:3600: result: yes
configure:3617: checking for strlcat
configure:3617: gcc -o conftest -g -I/home/gw6sh/packages/include -Wall -Wsystem-headers -Wno-format-y2k -Wno-sign-compare -Wcast-align -Wmissing-prototypes -Wpointer-arith -Wreturn-type -Wswitch -Wshadow  -L/home/gw6sh/packages/lib conftest.c -lbz2 -lz  >&5
/tmp/cc6qy5pG.o: In function `main':
/home/gw6sh/bgpdump/conftest.c:59: undefined reference to `strlcat'
collect2: error: ld returned 1 exit status
configure:3617: $? = 1
configure: failed program was:
| /* confdefs.h */
| #define PACKAGE_NAME "libbgpdump"
| #define PACKAGE_TARNAME "libbgpdump"
| #define PACKAGE_VERSION "1.6.2"
| #define PACKAGE_STRING "libbgpdump 1.6.2"
| #define PACKAGE_BUGREPORT "ris@ripe.net"
| #define PACKAGE_URL ""
| #define STDC_HEADERS 1
| #define HAVE_SYS_TYPES_H 1
| #define HAVE_SYS_STAT_H 1
| #define HAVE_STDLIB_H 1
| #define HAVE_STRING_H 1
| #define HAVE_MEMORY_H 1
| #define HAVE_STRINGS_H 1
| #define HAVE_INTTYPES_H 1
| #define HAVE_STDINT_H 1
| #define HAVE_UNISTD_H 1
| #define HAVE_ARPA_INET_H 1
| #define HAVE_NETINET_IN_H 1
| #define HAVE_SYSLOG_H 1
| #define u_char_t uchar_t
| #define HAVE_LIBZ 1
| #define HAVE_LIBBZ2 1
| /* end confdefs.h.  */
| /* Define strlcat to an innocuous variant, in case <limits.h> declares strlcat.
|    For example, HP-UX 11i <limits.h> declares gettimeofday.  */
| #define strlcat innocuous_strlcat
| 
| /* System header to define __stub macros and hopefully few prototypes,
|     which can conflict with char strlcat (); below.
|     Prefer <limits.h> to <assert.h> if __STDC__ is defined, since
|     <limits.h> exists even on freestanding compilers.  */
| 
| #ifdef __STDC__
| # include <limits.h>
| #else
| # include <assert.h>
| #endif
| 
| #undef strlcat
| 
| /* Override any GCC internal prototype to avoid an error.
|    Use char because int might match the return type of a GCC
|    builtin and then its argument prototype would still apply.  */
| #ifdef __cplusplus
| extern "C"
| #endif
| char strlcat ();
| /* The GNU C library defines this for functions which it implements
|     to always fail with ENOSYS.  Some functions are actually named
|     something starting with __ and the normal name is an alias.  */
| #if defined __stub_strlcat || defined __stub___strlcat
| choke me
| #endif
| 
| int
| main ()
| {
| return strlcat ();
|   ;
|   return 0;
| }
configure:3617: result: no
configure:3630: checking for inet_ntoa
configure:3630: gcc -o conftest -g -I/home/gw6sh/packages/include -Wall -Wsystem-headers -Wno-format-y2k -Wno-sign-compare -Wcast-align -Wmissing-prototypes -Wpointer-arith -Wreturn-type -Wswitch -Wshadow  -L/home/gw6sh/packages/lib conftest.c -lbz2 -lz  >&5
configure:3630: $? = 0
configure:3630: result: yes
configure:3689: checking for inet_ntop
configure:3689: gcc -o conftest -g -I/home/gw6sh/packages/include -Wall -Wsystem-headers -Wno-format-y2k -Wno-sign-compare -Wcast-align -Wmissing-prototypes -Wpointer-arith -Wreturn-type -Wswitch -Wshadow  -L/home/gw6sh/packages/lib conftest.c -lbz2 -lz  >&5
configure:3689: $? = 0
configure:3689: result: yes
configure:3872: creating ./config.status

## ---------------------- ##
## Running config.status. ##
## ---------------------- ##

This file was extended by libbgpdump config.status 1.6.2, which was
generated by GNU Autoconf 2.69.  Invocation command line was

  CONFIG_FILES    = 
  CONFIG_HEADERS  = 
  CONFIG_LINKS    = 
  CONFIG_COMMANDS = 
  $ ./config.status 

on udc-ba34-36

config.status:809: creating bgpdump.spec
config.status:809: creating Makefile
config.status:809: creating bgpdump-config.h

## ---------------- ##
## Cache variables. ##
## ---------------- ##

ac_cv_c_compiler_gnu=yes
ac_cv_env_CC_set=
ac_cv_env_CC_value=
ac_cv_env_CFLAGS_set=set
ac_cv_env_CFLAGS_value=-I/home/gw6sh/packages/include
ac_cv_env_CPPFLAGS_set=
ac_cv_env_CPPFLAGS_value=
ac_cv_env_CPP_set=
ac_cv_env_CPP_value=
ac_cv_env_LDFLAGS_set=set
ac_cv_env_LDFLAGS_value=-L/home/gw6sh/packages/lib
ac_cv_env_LIBS_set=
ac_cv_env_LIBS_value=
ac_cv_env_build_alias_set=
ac_cv_env_build_alias_value=
ac_cv_env_host_alias_set=
ac_cv_env_host_alias_value=
ac_cv_env_target_alias_set=
ac_cv_env_target_alias_value=
ac_cv_func_inet_ntoa=yes
ac_cv_func_inet_ntop=yes
ac_cv_func_strlcat=no
ac_cv_header_arpa_inet_h=yes
ac_cv_header_inttypes_h=yes
ac_cv_header_memory_h=yes
ac_cv_header_netinet_in_h=yes
ac_cv_header_stdc=yes
ac_cv_header_stdint_h=yes
ac_cv_header_stdlib_h=yes
ac_cv_header_string_h=yes
ac_cv_header_strings_h=yes
ac_cv_header_sys_stat_h=yes
ac_cv_header_sys_types_h=yes
ac_cv_header_syslog_h=yes
ac_cv_header_unistd_h=yes
ac_cv_lib_bz2_BZ2_bzReadOpen=yes
ac_cv_lib_z_gzopen=yes
ac_cv_objext=o
ac_cv_path_EGREP='/usr/bin/grep -E'
ac_cv_path_GREP=/usr/bin/grep
ac_cv_prog_CPP='gcc -E'
ac_cv_prog_ac_ct_CC=gcc
ac_cv_prog_ac_ct_RANLIB=ranlib
ac_cv_prog_cc_c89=
ac_cv_prog_cc_g=yes
ac_cv_struct_tm=time.h
ac_cv_type_u_char_t=no
ac_cv_type_u_int16_t=yes
ac_cv_type_u_int32_t=yes
ac_cv_type_u_int8_t=yes

## ----------------- ##
## Output variables. ##
## ----------------- ##

CC='gcc'
CFLAGS='-g -I/home/gw6sh/packages/include -Wall -Wsystem-headers -Wno-format-y2k -Wno-sign-compare -Wcast-align -Wmissing-prototypes -Wpointer-arith -Wreturn-type -Wswitch -Wshadow'
CPP='gcc -E'
CPPFLAGS=''
DEFS='-DHAVE_CONFIG_H'
ECHO_C=''
ECHO_N='-n'
ECHO_T=''
EGREP='/usr/bin/grep -E'
EXEEXT=''
GREP='/usr/bin/grep'
LDFLAGS='-L/home/gw6sh/packages/lib'
LIBOBJS=''
LIBS='-lbz2 -lz '
LTLIBOBJS=''
OBJEXT='o'
PACKAGE_BUGREPORT='ris@ripe.net'
PACKAGE_NAME='libbgpdump'
PACKAGE_STRING='libbgpdump 1.6.2'
PACKAGE_TARNAME='libbgpdump'
PACKAGE_URL=''
PACKAGE_VERSION='1.6.2'
PATH_SEPARATOR=':'
RANLIB='ranlib'
SHELL='/bin/sh'
SOFLAGS=' -shared'
ac_ct_CC='gcc'
bindir='${exec_prefix}/bin'
build_alias=''
datadir='${datarootdir}'
datarootdir='${prefix}/share'
docdir='${datarootdir}/doc/${PACKAGE_TARNAME}'
dvidir='${docdir}'
exec_prefix='${prefix}'
host_alias=''
htmldir='${docdir}'
includedir='${prefix}/include'
infodir='${datarootdir}/info'
libdir='${exec_prefix}/lib'
libexecdir='${exec_prefix}/libexec'
localedir='${datarootdir}/locale'
localstatedir='${prefix}/var'
mandir='${datarootdir}/man'
oldincludedir='/usr/include'
pdfdir='${docdir}'
prefix='/usr/local'
program_transform_name='s,x,x,'
psdir='${docdir}'
sbindir='${exec_prefix}/sbin'
sharedstatedir='${prefix}/com'
sysconfdir='${prefix}/etc'
target_alias=''

## ----------- ##
## confdefs.h. ##
## ----------- ##

/* confdefs.h */
#define PACKAGE_NAME "libbgpdump"
#define PACKAGE_TARNAME "libbgpdump"
#define PACKAGE_VERSION "1.6.2"
#define PACKAGE_STRING "libbgpdump 1.6.2"
#define PACKAGE_BUGREPORT "ris@ripe.net"
#define PACKAGE_URL ""
#define STDC_HEADERS 1
#define HAVE_SYS_TYPES_H 1
#define HAVE_SYS_STAT_H 1
#define HAVE_STDLIB_H 1
#define HAVE_STRING_H 1
#define HAVE_MEMORY_H 1
#define HAVE_STRINGS_H 1
#define HAVE_INTTYPES_H 1
#define HAVE_STDINT_H 1
#define HAVE_UNISTD_H 1
#define HAVE_ARPA_INET_H 1
#define HAVE_NETINET_IN_H 1
#define HAVE_SYSLOG_H 1
#define u_char_t uchar_t
#define HAVE_LIBZ 1
#define HAVE_LIBBZ2 1
#define HAVE_INET_NTOA 1
#define HAVE_INET_NTOP 1

configure: exit 0
